make all --print-data-base --no-builtin-variables --no-builtin-rules --question
# GNU Make 4.3
# Built for x86_64-pc-linux-gnu
# Copyright (C) 1988-2020 Free Software Foundation, Inc.
# License GPLv3+: GNU GPL version 3 or later <http://gnu.org/licenses/gpl.html>
# This is free software: you are free to change and redistribute it.
# There is NO WARRANTY, to the extent permitted by law.
 

# Make data base, printed on Mon Aug 21 01:10:34 2023

# Variables

# environment
GRADLE_USER_HOME = /workspace/.gradle/
# environment
JAVA_HOME = /home/gitpod/.sdkman/candidates/java/current
# environment
LC_ALL = C
# environment
GITPOD_CONFIGCAT_ENABLED = true
# environment
SDKMAN_PLATFORM = linuxx64
# environment
GITPOD_WORKSPACE_CONTEXT_URL = https://github.com/mouWorks/pepeBot_LambdaAPI
# environment
PNPM_HOME = /home/gitpod/.pnpm
# environment
PYENV_HOOK_PATH = /home/gitpod/.gp_pyenv.d
# environment
PIPENV_VENV_IN_PROJECT = true
# environment
POETRY_CACHE_DIR = /workspace/.pyenv_mirror/poetry
# environment
GITPOD_WORKSPACE_CLUSTER_HOST = ws-us104.gitpod.io
# environment
GITPOD_THEIA_PORT = 23000
# environment
VSCODE_CWD = /
# environment
GITPOD_REPO_ROOTS = /workspace/pepeBot_LambdaAPI
# environment
NVM_DIR = /home/gitpod/.nvm
# default
MAKE_COMMAND := make
# environment
VSCODE_HANDLES_SIGPIPE = true
# environment
THEIA_MINI_BROWSER_HOST_PATTERN = browser-{{hostname}}
# environment
rvm_user_install_flag = 1
# environment
HISTFILE = /workspace/.gitpod/.shell_history
# environment
GOPATH = /workspace/go
# environment
rvm_bin_path = /home/gitpod/.rvm/bin
# automatic
@D = $(patsubst %/,%,$(dir $@))
# environment
PYENV_SHELL = bash
# environment
rvm_loaded_flag = 1
# environment
VSCODE_HANDLES_UNCAUGHT_ERRORS = true
# default
.VARIABLES := 
# environment
PWD = /workspace/pepeBot_LambdaAPI
# automatic
%D = $(patsubst %/,%,$(dir $%))
# environment
HOSTNAME = mouworks-pepebotlambdaa-ridhw19b1z7
# automatic
^D = $(patsubst %/,%,$(dir $^))
# automatic
%F = $(notdir $%)
# environment
rvm_stored_umask = 0022
# environment
LANG = C
# default
.LOADED := 
# default
.INCLUDE_DIRS = /usr/local/include /usr/include /usr/include
# environment
GEM_PATH = /home/gitpod/.rvm/gems/ruby-3.2.1:/home/gitpod/.rvm/gems/ruby-3.2.1@global
# makefile
MAKEFLAGS = pqrR
# environment
GIT_EDITOR = /ide/bin/remote-cli/gitpod-code --wait
# environment
GITPOD_HOST = https://gitpod.io
# makefile
CURDIR := /workspace/pepeBot_LambdaAPI
# environment
PROMPT_COMMAND = _direnv_hook;history -a
# environment
LESSOPEN = | /usr/bin/lesspipe %s
# automatic
*D = $(patsubst %/,%,$(dir $*))
# environment
PYENV_MIRROR = /workspace/.pyenv_mirror
# environment
MFLAGS = -pqrR
# default
.SHELLFLAGS := -c
# automatic
+D = $(patsubst %/,%,$(dir $+))
# makefile (from 'Makefile', line 1)
MAKEFILE_LIST := Makefile
# automatic
@F = $(notdir $@)
# environment
SDKMAN_DIR = /home/gitpod/.sdkman
# makefile (from 'Makefile', line 7)
BRANCH := master
# environment
GITPOD_IDE_ALIAS = code
# automatic
?D = $(patsubst %/,%,$(dir $?))
# environment
PYTHONUSERBASE = /workspace/.pyenv_mirror/user/current
# environment
MY_RUBY_HOME = /home/gitpod/.rvm/rubies/ruby-3.2.1
# environment
PYCHARM_PYTHON_PATH = /home/gitpod/.pyenv/shims/python
# environment
JAVA_TOOL_OPTIONS =  -Xmx3489m
# environment
THEIA_WORKSPACE_ROOT = /workspace/pepeBot_LambdaAPI
# automatic
*F = $(notdir $*)
# environment
MANPATH = /home/gitpod/.nix-profile/share/man:/home/gitpod/.nix-profile/share/man::/home/linuxbrew/.linuxbrew/share/man
# environment
GITPOD_OWNER_ID = bed0305d-8e68-4ffd-8355-7a05b6ae6ed4
# automatic
<D = $(patsubst %/,%,$(dir $<))
# environment
VSCODE_NLS_CONFIG = {"locale":"en","osLocale":"en","availableLanguages":{}}
# default
MAKE_HOST := x86_64-pc-linux-gnu
# environment
INFOPATH = :/home/linuxbrew/.linuxbrew/share/info
# default
SHELL := /bin/sh
# default
MAKECMDGOALS := all
# environment
GITPOD_PREVENT_METADATA_ACCESS = true
# environment
SHLVL = 0
# environment
 
rvm_path = /home/gitpod/.rvm
# environment
WORKSPACEKIT_WRAP_NETNS = true
# environment
MAKELEVEL := 0
# default
MAKE = $(MAKE_COMMAND)
# environment
GITPOD_WORKSPACE_CLASS_INFO = {"id":"g1-standard","category":"GENERAL PURPOSE","displayName":"Standard","description":"Up to 4 cores, 8GB RAM, 30GB storage","powerups":1,"isDefault":true,"deprecated":false}
# environment
PATH = /ide/bin/remote-cli:/home/gitpod/.nix-profile/bin:/home/gitpod/.local/bin:/home/gitpod/.sdkman/candidates/maven/current/bin:/home/gitpod/.sdkman/candidates/java/current/bin:/home/gitpod/.sdkman/candidates/gradle/current/bin:/workspace/.cargo/bin:/home/gitpod/.rvm/gems/ruby-3.2.1/bin:/home/gitpod/.rvm/gems/ruby-3.2.1@global/bin:/home/gitpod/.rvm/rubies/ruby-3.2.1/bin:/home/gitpod/.pyenv/shims:/workspace/go/bin:/home/gitpod/.nix-profile/bin:/ide/bin/remote-cli:/home/gitpod/go/bin:/home/gitpod/go-packages/bin:/home/gitpod/.nvm/versions/node/v18.17.0/bin:/home/gitpod/.yarn/bin:/home/gitpod/.pnpm:/home/gitpod/.pyenv/bin:/home/gitpod/.rvm/bin:/home/gitpod/.cargo/bin:/home/linuxbrew/.linuxbrew/bin:/home/linuxbrew/.linuxbrew/sbin/:/home/gitpod/.local/bin:/usr/games:/usr/local/sbin:/usr/local/bin:/usr/sbin:/usr/bin:/sbin:/bin:/home/gitpod/.nvm/versions/node/v18.17.0/bin:/home/gitpod/.rvm/bin
# environment
NIX_SSL_CERT_FILE = /etc/ssl/certs/ca-certificates.crt
# default
MAKEFILES := 
# automatic
^F = $(notdir $^)
# environment
CARGO_HOME = /workspace/.cargo
# environment
SDKMAN_CANDIDATES_DIR = /home/gitpod/.sdkman/candidates
# environment
GOROOT = /home/gitpod/go
# environment
GP_PREVIEW_BROWSER = /ide/bin/remote-cli/gitpod-code --preview
# environment
GRADLE_HOME = /home/gitpod/.sdkman/candidates/gradle/current
# environment
PYENV_INIT_LOCK = /tmp/.pyenv_init.lock
# environment
VSX_REGISTRY_URL = https://open-vsx.gitpod.io
# environment
NODE_VERSION = 18.17.0
# environment
GITPOD_GIT_USER_NAME = MWang
# environment
TRIGGER_REBUILD = 1
# environment
GITPOD_ANALYTICS_SEGMENT_ENDPOINT = https://gitpod.io/analytics
# environment
GITPOD_INTERVAL = 30000
# environment
GITPOD_CODE_HOST = https://gitpod.io
# environment
LESSCLOSE = /usr/bin/lesspipe %s %s
# automatic
?F = $(notdir $?)
# environment
GITPOD_INSTANCE_ID = 577ea327-19b8-41db-b906-d5c04038c65f
# environment
NGINX_DOCROOT_IN_REPO = public
# environment
SUPERVISOR_ADDR = localhost:22999
# environment
PYENV_FAKEROOT = /workspace/.pyenv_mirror/fakeroot
# environment
LS_COLORS = 
# automatic
+F = $(notdir $+)
# environment
IRBRC = /home/gitpod/.rvm/rubies/ruby-3.2.1/.irbrc
# environment
MAVEN_HOME = /home/gitpod/.sdkman/candidates/maven/current
# environment
PYENV_ROOT = /home/gitpod/.pyenv
# 'override' directive
GNUMAKEFLAGS := 
# environment
BROWSER = /ide/bin/helpers/browser.sh
# environment
GITPOD_WORKSPACE_CONTEXT = {"isFile":false,"path":"","title":"mouWorks/pepeBot_LambdaAPI - master","ref":"master","refType":"branch","revision":"fd77bbc133072f1eeafc389e2c10510856649ec6","repository":{"cloneUrl":"https://github.com/mouWorks/pepeBot_LambdaAPI.git","host":"github.com","defaultBranch":"master","name":"pepeBot_LambdaAPI","owner":"mouWorks","private":false},"normalizedContextURL":"https://github.com/mouWorks/pepeBot_LambdaAPI","checkoutLocation":"pepeBot_LambdaAPI"}
# makefile
.DEFAULT_GOAL := all
# environment
GITPOD_TASKS = [{"init":"npm install"}]
# environment
rvm_version = 1.29.12 (latest)
# environment
EDITOR = /ide/bin/remote-cli/gitpod-code
# environment
USER = gitpod
# default
MAKE_VERSION := 4.3
# environment
GITPOD_ANALYTICS_WRITER = segment
# 'override' directive
.SHELLSTATUS := 0
# environment
NIX_PROFILES = /nix/var/nix/profiles/default /home/gitpod/.nix-profile
# environment
_ = /ide/node
# environment
GEM_HOME = /home/gitpod/.rvm/gems/ruby-3.2.1
# environment
GITPOD_MEMORY = 3489
# environment
GITPOD_WORKSPACE_URL = https://mouworks-pepebotlambdaa-ridhw19b1z7.ws-us104.gitpod.io
# environment
PYTHONUSERBASE_VERSION_FILE = /workspace/.pyenv_mirror/user/.mounted_version
# environment
VSCODE_IPC_HOOK_CLI = /tmp/vscode-ipc-3dde44f0-892d-488d-872a-893d7e6a5d20.sock
# environment
GO_VERSION = 1.20.7
# environment
VISUAL = /ide/bin/remote-cli/gitpod-code
# environment
VSCODE_AMD_ENTRYPOINT = vs/workbench/api/node/extensionHostProcess
# environment
SDKMAN_CANDIDATES_API = https://api.sdkman.io/2
# environment
THEIA_WEBVIEW_EXTERNAL_ENDPOINT = webview-{{hostname}}
# environment
HOME = /home/gitpod
# environment
THEIA_RATELIMIT_LOG = 50
# environment
GP_EXTERNAL_BROWSER = /ide/bin/remote-cli/gitpod-code --openExternal
# environment
PIP_CACHE_DIR = /workspace/.pyenv_mirror/pip_cache
# environment
ELECTRON_RUN_AS_NODE = 1
# environment
 
GITPOD_WORKSPACE_ID = mouworks-pepebotlambdaa-ridhw19b1z7
# default
.RECIPEPREFIX := 
# automatic
<F = $(notdir $<)
# default
SUFFIXES := 
# environment
GP_OPEN_EDITOR = /ide/bin/remote-cli/gitpod-code
# environment
GITPOD_WORKSPACE_CLASS = g1-standard
# environment
GITPOD_GIT_USER_EMAIL = mou.wang.works@gmail.com
# environment
NIX_VERSION = 2.11.0
# default
.FEATURES := target-specific order-only second-expansion else-if shortest-stem undefine oneshell nocomment grouped-target extra-prereqs archives jobserver output-sync check-symlink load
# environment
rvm_prefix = /home/gitpod
# environment
GITPOD_REPO_ROOT = /workspace/pepeBot_LambdaAPI
# environment
HOMEBREW_NO_AUTO_UPDATE = 1
# environment
RUBY_VERSION = ruby-3.2.1
# environment
APACHE_DOCROOT_IN_REPO = public
# variable set hash-table stats:
# Load=145/1024=14%, Rehash=0, Collisions=9/180=5%

# Pattern-specific Variable Values

# No pattern-specific variable values.

# Directories

# . (device 64769, inode 2919243841): 26 files, no impossibilities.

# 26 files, no impossibilities in 1 directories.

# Implicit Rules

# No implicit rules.

# Files

deploy: pack upload
#  Implicit rule search has not been done.
#  Modification time never checked.
#  File has not been updated.

pull:
#  Implicit rule search has not been done.
#  Modification time never checked.
#  File has not been updated.
#  recipe to execute (from 'Makefile', line 26):
	@echo ">>> Pull Code on Current branch [$(BRANCH)]"
	git pull origin $(BRANCH) --rebase

# Not a target:
Makefile:
#  Implicit rule search has been done.
#  Last modified 2023-08-21 01:10:04.796246105
#  File has been updated.
#  Successfully updated.

upload:
#  Phony target (prerequisite of .PHONY).
#  Implicit rule search has not been done.
#  File does not exist.
#  File has not been updated.
#  recipe to execute (from 'Makefile', line 17):
	./upload.sh

clean:
#  Phony target (prerequisite of .PHONY).
#  Implicit rule search has not been done.
#  File does not exist.
#  File has not been updated.

push-f: pull test
#  Implicit rule search has not been done.
#  Modification time never checked.
#  File has not been updated.
#  recipe to execute (from 'Makefile', line 34):
	@echo ">>> Current branch [$(BRANCH)] Pushing Code"
	git push origin $(BRANCH) -f

push: pull test
#  Implicit rule search has not been done.
#  Modification time never checked.
#  File has not been updated.
#  recipe to execute (from 'Makefile', line 30):
	@echo ">>> Current branch [$(BRANCH)] Pushing Code"
	git push origin $(BRANCH)

# Not a target:
.DEFAULT:
#  Implicit rule search has not been done.
#  Modification time never checked.
#  File has not been updated.
 

all: build pack upload
#  Command line target.
#  Implicit rule search has been done.
#  File does not exist.
#  File has been updated.
#  Needs to be updated (-q is set).
# variable set hash-table stats:
# Load=0/32=0%, Rehash=0, Collisions=0/3=0%

build:
#  Phony target (prerequisite of .PHONY).
#  Implicit rule search has not been done.
#  Implicit/static pattern stem: ''
#  File does not exist.
#  File has been updated.
#  Needs to be updated (-q is set).
# automatic
# @ := build
# automatic
# * := 
# automatic
# < := 
# automatic
# + := 
# automatic
# % := 
# automatic
# ^ := 
# automatic
# ? := 
# automatic
# | := 
# variable set hash-table stats:
# Load=8/32=25%, Rehash=0, Collisions=1/11=9%
#  recipe to execute (from 'Makefile', line 10):
	npm install --only=production

pack:
#  Phony target (prerequisite of .PHONY).
#  Implicit rule search has not been done.
#  File does not exist.
#  File has not been updated.
#  recipe to execute (from 'Makefile', line 14):
	./pack.sh

test:
#  Phony target (prerequisite of .PHONY).
#  Implicit rule search has not been done.
#  File does not exist.
#  File has not been updated.
#  recipe to execute (from 'Makefile', line 20):
	npm run test && \
	node --check index.js \
	node --check libs/lib.js \
	node --check libs/rand.js

# Not a target:
.SUFFIXES:
#  Implicit rule search has not been done.
#  Modification time never checked.
#  File has not been updated.

.PHONY: clean build pack upload test
#  Implicit rule search has not been done.
#  Modification time never checked.
#  File has not been updated.

# files hash-table stats:
# Load=14/1024=1%, Rehash=0, Collisions=0/44=0%
# VPATH Search Paths

# No 'vpath' search paths.

# No general ('VPATH' variable) search path.

# strcache buffers: 1 (0) / strings = 41 / storage = 371 B / avg = 9 B
# current buf: size = 8162 B / used = 371 B / count = 41 / avg = 9 B

# strcache performance: lookups = 70 / hit rate = 41%
# hash-table stats:
# Load=41/8192=1%, Rehash=0, Collisions=0/70=0%
# Finished Make data base on Mon Aug 21 01:10:34 2023

 
